This file contains any messages produced by compilers while
running configure, to aid debugging if configure makes a mistake.

It was created by nbd configure 3.20, which was
generated by GNU Autoconf 2.69.  Invocation command line was

  $ ./configure --prefix=/home/gic4107/nbd-3.20/out

## --------- ##
## Platform. ##
## --------- ##

hostname = YuJu-Ubuntu
uname -m = x86_64
uname -r = 5.0.0
uname -s = Linux
uname -v = #3 SMP Fri May 8 15:33:53 EDT 2020

/usr/bin/uname -p = unknown
/bin/uname -X     = unknown

/bin/arch              = unknown
/usr/bin/arch -k       = unknown
/usr/convex/getsysinfo = unknown
/usr/bin/hostinfo      = unknown
/bin/machine           = unknown
/usr/bin/oslevel       = unknown
/bin/universe          = unknown

PATH: /home/gic4107/.local/bin
PATH: /home/gic4107/bin
PATH: /home/gic4107/.local/bin
PATH: /home/gic4107/bin
PATH: /usr/local/sbin
PATH: /usr/local/bin
PATH: /usr/sbin
PATH: /usr/bin
PATH: /sbin
PATH: /bin
PATH: /usr/games
PATH: /usr/local/games
PATH: /snap/bin


## ----------- ##
## Core tests. ##
## ----------- ##

configure:2681: checking for a BSD-compatible install
configure:2749: result: /usr/bin/install -c
configure:2760: checking whether build environment is sane
configure:2815: result: yes
configure:2966: checking for a thread-safe mkdir -p
configure:3005: result: /bin/mkdir -p
configure:3012: checking for gawk
configure:3042: result: no
configure:3012: checking for mawk
configure:3028: found /usr/bin/mawk
configure:3039: result: mawk
configure:3050: checking whether make sets $(MAKE)
configure:3072: result: yes
configure:3101: checking whether make supports nested variables
configure:3118: result: yes
configure:3245: checking whether to enable maintainer-specific portions of Makefiles
configure:3254: result: yes
configure:3278: checking whether make supports nested variables
configure:3295: result: yes
configure:3336: checking build system type
configure:3350: result: x86_64-pc-linux-gnu
configure:3370: checking host system type
configure:3383: result: x86_64-pc-linux-gnu
configure:3424: checking how to print strings
configure:3451: result: printf
configure:3476: checking whether make supports the include directive
configure:3491: make -f confmf.GNU && cat confinc.out
this is the am__doit target
configure:3494: $? = 0
configure:3513: result: yes (GNU style)
configure:3583: checking for gcc
configure:3599: found /usr/bin/gcc
configure:3610: result: gcc
configure:3839: checking for C compiler version
configure:3848: gcc --version >&5
gcc (Ubuntu 7.5.0-3ubuntu1~18.04) 7.5.0
Copyright (C) 2017 Free Software Foundation, Inc.
This is free software; see the source for copying conditions.  There is NO
warranty; not even for MERCHANTABILITY or FITNESS FOR A PARTICULAR PURPOSE.

configure:3859: $? = 0
configure:3848: gcc -v >&5
Using built-in specs.
COLLECT_GCC=gcc
COLLECT_LTO_WRAPPER=/usr/lib/gcc/x86_64-linux-gnu/7/lto-wrapper
OFFLOAD_TARGET_NAMES=nvptx-none
OFFLOAD_TARGET_DEFAULT=1
Target: x86_64-linux-gnu
Configured with: ../src/configure -v --with-pkgversion='Ubuntu 7.5.0-3ubuntu1~18.04' --with-bugurl=file:///usr/share/doc/gcc-7/README.Bugs --enable-languages=c,ada,c++,go,brig,d,fortran,objc,obj-c++ --prefix=/usr --with-gcc-major-version-only --program-suffix=-7 --program-prefix=x86_64-linux-gnu- --enable-shared --enable-linker-build-id --libexecdir=/usr/lib --without-included-gettext --enable-threads=posix --libdir=/usr/lib --enable-nls --enable-bootstrap --enable-clocale=gnu --enable-libstdcxx-debug --enable-libstdcxx-time=yes --with-default-libstdcxx-abi=new --enable-gnu-unique-object --disable-vtable-verify --enable-libmpx --enable-plugin --enable-default-pie --with-system-zlib --with-target-system-zlib --enable-objc-gc=auto --enable-multiarch --disable-werror --with-arch-32=i686 --with-abi=m64 --with-multilib-list=m32,m64,mx32 --enable-multilib --with-tune=generic --enable-offload-targets=nvptx-none --without-cuda-driver --enable-checking=release --build=x86_64-linux-gnu --host=x86_64-linux-gnu --target=x86_64-linux-gnu
Thread model: posix
gcc version 7.5.0 (Ubuntu 7.5.0-3ubuntu1~18.04) 
configure:3859: $? = 0
configure:3848: gcc -V >&5
gcc: error: unrecognized command line option '-V'
gcc: fatal error: no input files
compilation terminated.
configure:3859: $? = 1
configure:3848: gcc -qversion >&5
gcc: error: unrecognized command line option '-qversion'; did you mean '--version'?
gcc: fatal error: no input files
compilation terminated.
configure:3859: $? = 1
configure:3879: checking whether the C compiler works
configure:3901: gcc    conftest.c  >&5
configure:3905: $? = 0
configure:3953: result: yes
configure:3956: checking for C compiler default output file name
configure:3958: result: a.out
configure:3964: checking for suffix of executables
configure:3971: gcc -o conftest    conftest.c  >&5
configure:3975: $? = 0
configure:3997: result: 
configure:4019: checking whether we are cross compiling
configure:4027: gcc -o conftest    conftest.c  >&5
configure:4031: $? = 0
configure:4038: ./conftest
configure:4042: $? = 0
configure:4057: result: no
configure:4062: checking for suffix of object files
configure:4084: gcc -c   conftest.c >&5
configure:4088: $? = 0
configure:4109: result: o
configure:4113: checking whether we are using the GNU C compiler
configure:4132: gcc -c   conftest.c >&5
configure:4132: $? = 0
configure:4141: result: yes
configure:4150: checking whether gcc accepts -g
configure:4170: gcc -c -g  conftest.c >&5
configure:4170: $? = 0
configure:4211: result: yes
configure:4228: checking for gcc option to accept ISO C89
configure:4291: gcc  -c -g -O2  conftest.c >&5
configure:4291: $? = 0
configure:4304: result: none needed
configure:4329: checking whether gcc understands -c and -o together
configure:4351: gcc -c conftest.c -o conftest2.o
configure:4354: $? = 0
configure:4351: gcc -c conftest.c -o conftest2.o
configure:4354: $? = 0
configure:4366: result: yes
configure:4385: checking dependency style of gcc
configure:4496: result: gcc3
configure:4511: checking for a sed that does not truncate output
configure:4575: result: /bin/sed
configure:4593: checking for grep that handles long lines and -e
configure:4651: result: /bin/grep
configure:4656: checking for egrep
configure:4718: result: /bin/grep -E
configure:4723: checking for fgrep
configure:4785: result: /bin/grep -F
configure:4820: checking for ld used by gcc
configure:4887: result: /usr/bin/ld
configure:4894: checking if the linker (/usr/bin/ld) is GNU ld
configure:4909: result: yes
configure:4921: checking for BSD- or MS-compatible name lister (nm)
configure:4975: result: /usr/bin/nm -B
configure:5105: checking the name lister (/usr/bin/nm -B) interface
configure:5112: gcc -c -g -O2  conftest.c >&5
configure:5115: /usr/bin/nm -B "conftest.o"
configure:5118: output
0000000000000000 B some_variable
configure:5125: result: BSD nm
configure:5128: checking whether ln -s works
configure:5132: result: yes
configure:5140: checking the maximum length of command line arguments
configure:5271: result: 1572864
configure:5319: checking how to convert x86_64-pc-linux-gnu file names to x86_64-pc-linux-gnu format
configure:5359: result: func_convert_file_noop
configure:5366: checking how to convert x86_64-pc-linux-gnu file names to toolchain format
configure:5386: result: func_convert_file_noop
configure:5393: checking for /usr/bin/ld option to reload object files
configure:5400: result: -r
configure:5474: checking for objdump
configure:5490: found /usr/bin/objdump
configure:5501: result: objdump
configure:5533: checking how to recognize dependent libraries
configure:5733: result: pass_all
configure:5818: checking for dlltool
configure:5848: result: no
configure:5878: checking how to associate runtime and link libraries
configure:5905: result: printf %s\n
configure:5966: checking for ar
configure:5982: found /usr/bin/ar
configure:5993: result: ar
configure:6030: checking for archiver @FILE support
configure:6047: gcc -c -g -O2  conftest.c >&5
configure:6047: $? = 0
configure:6050: ar cru libconftest.a @conftest.lst >&5
ar: `u' modifier ignored since `D' is the default (see `U')
configure:6053: $? = 0
configure:6058: ar cru libconftest.a @conftest.lst >&5
ar: `u' modifier ignored since `D' is the default (see `U')
ar: conftest.o: No such file or directory
configure:6061: $? = 1
configure:6073: result: @
configure:6131: checking for strip
configure:6147: found /usr/bin/strip
configure:6158: result: strip
configure:6230: checking for ranlib
configure:6246: found /usr/bin/ranlib
configure:6257: result: ranlib
configure:6359: checking command to parse /usr/bin/nm -B output from gcc object
configure:6512: gcc -c -g -O2  conftest.c >&5
configure:6515: $? = 0
configure:6519: /usr/bin/nm -B conftest.o | sed -n -e 's/^.*[	 ]\([ABCDGIRSTW][ABCDGIRSTW]*\)[	 ][	 ]*\([_A-Za-z][_A-Za-z0-9]*\)$/\1 \2 \2/p' | sed '/ __gnu_lto/d' > conftest.nm
configure:6585: gcc -o conftest -g -O2   conftest.c conftstm.o >&5
configure:6588: $? = 0
configure:6626: result: ok
configure:6673: checking for sysroot
configure:6703: result: no
configure:6710: checking for a working dd
configure:6748: result: /bin/dd
configure:6752: checking how to truncate binary pipes
configure:6767: result: /bin/dd bs=4096 count=1
configure:6903: gcc -c -g -O2  conftest.c >&5
configure:6906: $? = 0
configure:7096: checking for mt
configure:7112: found /bin/mt
configure:7123: result: mt
configure:7146: checking if mt is a manifest tool
configure:7152: mt '-?'
configure:7160: result: no
configure:7837: checking how to run the C preprocessor
configure:7868: gcc -E  conftest.c
configure:7868: $? = 0
configure:7882: gcc -E  conftest.c
conftest.c:11:10: fatal error: ac_nonexistent.h: No such file or directory
 #include <ac_nonexistent.h>
          ^~~~~~~~~~~~~~~~~~
compilation terminated.
configure:7882: $? = 1
configure: failed program was:
| /* confdefs.h */
| #define PACKAGE_NAME "nbd"
| #define PACKAGE_TARNAME "nbd"
| #define PACKAGE_VERSION "3.20"
| #define PACKAGE_STRING "nbd 3.20"
| #define PACKAGE_BUGREPORT "nbd@other.debian.org"
| #define PACKAGE_URL "http://nbd.sourceforge.net/"
| #define PACKAGE "nbd"
| #define VERSION "3.20"
| /* end confdefs.h.  */
| #include <ac_nonexistent.h>
configure:7907: result: gcc -E
configure:7927: gcc -E  conftest.c
configure:7927: $? = 0
configure:7941: gcc -E  conftest.c
conftest.c:11:10: fatal error: ac_nonexistent.h: No such file or directory
 #include <ac_nonexistent.h>
          ^~~~~~~~~~~~~~~~~~
compilation terminated.
configure:7941: $? = 1
configure: failed program was:
| /* confdefs.h */
| #define PACKAGE_NAME "nbd"
| #define PACKAGE_TARNAME "nbd"
| #define PACKAGE_VERSION "3.20"
| #define PACKAGE_STRING "nbd 3.20"
| #define PACKAGE_BUGREPORT "nbd@other.debian.org"
| #define PACKAGE_URL "http://nbd.sourceforge.net/"
| #define PACKAGE "nbd"
| #define VERSION "3.20"
| /* end confdefs.h.  */
| #include <ac_nonexistent.h>
configure:7970: checking for ANSI C header files
configure:7990: gcc -c -g -O2  conftest.c >&5
configure:7990: $? = 0
configure:8063: gcc -o conftest -g -O2   conftest.c  >&5
configure:8063: $? = 0
configure:8063: ./conftest
configure:8063: $? = 0
configure:8074: result: yes
configure:8087: checking for sys/types.h
configure:8087: gcc -c -g -O2  conftest.c >&5
configure:8087: $? = 0
configure:8087: result: yes
configure:8087: checking for sys/stat.h
configure:8087: gcc -c -g -O2  conftest.c >&5
configure:8087: $? = 0
configure:8087: result: yes
configure:8087: checking for stdlib.h
configure:8087: gcc -c -g -O2  conftest.c >&5
configure:8087: $? = 0
configure:8087: result: yes
configure:8087: checking for string.h
configure:8087: gcc -c -g -O2  conftest.c >&5
configure:8087: $? = 0
configure:8087: result: yes
configure:8087: checking for memory.h
configure:8087: gcc -c -g -O2  conftest.c >&5
configure:8087: $? = 0
configure:8087: result: yes
configure:8087: checking for strings.h
configure:8087: gcc -c -g -O2  conftest.c >&5
configure:8087: $? = 0
configure:8087: result: yes
configure:8087: checking for inttypes.h
configure:8087: gcc -c -g -O2  conftest.c >&5
configure:8087: $? = 0
configure:8087: result: yes
configure:8087: checking for stdint.h
configure:8087: gcc -c -g -O2  conftest.c >&5
configure:8087: $? = 0
configure:8087: result: yes
configure:8087: checking for unistd.h
configure:8087: gcc -c -g -O2  conftest.c >&5
configure:8087: $? = 0
configure:8087: result: yes
configure:8101: checking for dlfcn.h
configure:8101: gcc -c -g -O2  conftest.c >&5
configure:8101: $? = 0
configure:8101: result: yes
configure:8357: checking for objdir
configure:8372: result: .libs
configure:8636: checking if gcc supports -fno-rtti -fno-exceptions
configure:8654: gcc -c -g -O2  -fno-rtti -fno-exceptions conftest.c >&5
cc1: warning: command line option '-fno-rtti' is valid for C++/ObjC++ but not for C
configure:8658: $? = 0
configure:8671: result: no
configure:9029: checking for gcc option to produce PIC
configure:9036: result: -fPIC -DPIC
configure:9044: checking if gcc PIC flag -fPIC -DPIC works
configure:9062: gcc -c -g -O2  -fPIC -DPIC -DPIC conftest.c >&5
configure:9066: $? = 0
configure:9079: result: yes
configure:9108: checking if gcc static flag -static works
configure:9136: result: yes
configure:9151: checking if gcc supports -c -o file.o
configure:9172: gcc -c -g -O2  -o out/conftest2.o conftest.c >&5
configure:9176: $? = 0
configure:9198: result: yes
configure:9206: checking if gcc supports -c -o file.o
configure:9253: result: yes
configure:9286: checking whether the gcc linker (/usr/bin/ld -m elf_x86_64) supports shared libraries
configure:10549: result: yes
configure:10586: checking whether -lc should be explicitly linked in
configure:10594: gcc -c -g -O2  conftest.c >&5
configure:10597: $? = 0
configure:10612: gcc -shared  -fPIC -DPIC conftest.o  -v -Wl,-soname -Wl,conftest -o conftest 2\>\&1 \| /bin/grep  -lc  \>/dev/null 2\>\&1
configure:10615: $? = 0
configure:10629: result: no
configure:10789: checking dynamic linker characteristics
configure:11370: gcc -o conftest -g -O2   -Wl,-rpath -Wl,/foo conftest.c  >&5
configure:11370: $? = 0
configure:11619: result: GNU/Linux ld.so
configure:11741: checking how to hardcode library paths into programs
configure:11766: result: immediate
configure:12314: checking whether stripping libraries is possible
configure:12319: result: yes
configure:12354: checking if libtool supports shared libraries
configure:12356: result: yes
configure:12359: checking whether to build shared libraries
configure:12384: result: yes
configure:12387: checking whether to build static libraries
configure:12391: result: yes
configure:12443: checking whether Large File Support should be enabled
configure:12449: result: yes
configure:12473: checking whether syslog logging is requested
configure:12482: result: no
configure:12501: checking whether a debugging version is requested
configure:12516: result: no
configure:12549: checking for gcc option to accept ISO C99
configure:12698: gcc  -c -g -O2  conftest.c >&5
configure:12698: $? = 0
configure:12711: result: none needed
configure:12731: checking how to run the C preprocessor
configure:12801: result: gcc -E
configure:12821: gcc -E  conftest.c
configure:12821: $? = 0
configure:12835: gcc -E  conftest.c
conftest.c:24:10: fatal error: ac_nonexistent.h: No such file or directory
 #include <ac_nonexistent.h>
          ^~~~~~~~~~~~~~~~~~
compilation terminated.
configure:12835: $? = 1
configure: failed program was:
| /* confdefs.h */
| #define PACKAGE_NAME "nbd"
| #define PACKAGE_TARNAME "nbd"
| #define PACKAGE_VERSION "3.20"
| #define PACKAGE_STRING "nbd 3.20"
| #define PACKAGE_BUGREPORT "nbd@other.debian.org"
| #define PACKAGE_URL "http://nbd.sourceforge.net/"
| #define PACKAGE "nbd"
| #define VERSION "3.20"
| #define STDC_HEADERS 1
| #define HAVE_SYS_TYPES_H 1
| #define HAVE_SYS_STAT_H 1
| #define HAVE_STDLIB_H 1
| #define HAVE_STRING_H 1
| #define HAVE_MEMORY_H 1
| #define HAVE_STRINGS_H 1
| #define HAVE_INTTYPES_H 1
| #define HAVE_STDINT_H 1
| #define HAVE_UNISTD_H 1
| #define HAVE_DLFCN_H 1
| #define LT_OBJDIR ".libs/"
| #define NBD_LFS 1
| /* end confdefs.h.  */
| #include <ac_nonexistent.h>
configure:12918: checking for pkg-config
configure:12936: found /usr/bin/pkg-config
configure:12948: result: /usr/bin/pkg-config
configure:12973: checking pkg-config is at least version 0.9.0
configure:12976: result: yes
configure:12985: checking whether byte ordering is bigendian
configure:13000: gcc -c -g -O2  conftest.c >&5
conftest.c:25:9: error: unknown type name 'not'
         not a universal capable compiler
         ^~~
conftest.c:25:15: error: expected '=', ',', ';', 'asm' or '__attribute__' before 'universal'
         not a universal capable compiler
               ^~~~~~~~~
conftest.c:25:15: error: unknown type name 'universal'
configure:13000: $? = 1
configure: failed program was:
| /* confdefs.h */
| #define PACKAGE_NAME "nbd"
| #define PACKAGE_TARNAME "nbd"
| #define PACKAGE_VERSION "3.20"
| #define PACKAGE_STRING "nbd 3.20"
| #define PACKAGE_BUGREPORT "nbd@other.debian.org"
| #define PACKAGE_URL "http://nbd.sourceforge.net/"
| #define PACKAGE "nbd"
| #define VERSION "3.20"
| #define STDC_HEADERS 1
| #define HAVE_SYS_TYPES_H 1
| #define HAVE_SYS_STAT_H 1
| #define HAVE_STDLIB_H 1
| #define HAVE_STRING_H 1
| #define HAVE_MEMORY_H 1
| #define HAVE_STRINGS_H 1
| #define HAVE_INTTYPES_H 1
| #define HAVE_STDINT_H 1
| #define HAVE_UNISTD_H 1
| #define HAVE_DLFCN_H 1
| #define LT_OBJDIR ".libs/"
| #define NBD_LFS 1
| /* end confdefs.h.  */
| #ifndef __APPLE_CC__
| 	       not a universal capable compiler
| 	     #endif
| 	     typedef int dummy;
| 
configure:13045: gcc -c -g -O2  conftest.c >&5
configure:13045: $? = 0
configure:13063: gcc -c -g -O2  conftest.c >&5
conftest.c: In function 'main':
conftest.c:31:4: error: unknown type name 'not'; did you mean 'ino_t'?
    not big endian
    ^~~
    ino_t
conftest.c:31:12: error: expected '=', ',', ';', 'asm' or '__attribute__' before 'endian'
    not big endian
            ^~~~~~
configure:13063: $? = 1
configure: failed program was:
| /* confdefs.h */
| #define PACKAGE_NAME "nbd"
| #define PACKAGE_TARNAME "nbd"
| #define PACKAGE_VERSION "3.20"
| #define PACKAGE_STRING "nbd 3.20"
| #define PACKAGE_BUGREPORT "nbd@other.debian.org"
| #define PACKAGE_URL "http://nbd.sourceforge.net/"
| #define PACKAGE "nbd"
| #define VERSION "3.20"
| #define STDC_HEADERS 1
| #define HAVE_SYS_TYPES_H 1
| #define HAVE_SYS_STAT_H 1
| #define HAVE_STDLIB_H 1
| #define HAVE_STRING_H 1
| #define HAVE_MEMORY_H 1
| #define HAVE_STRINGS_H 1
| #define HAVE_INTTYPES_H 1
| #define HAVE_STDINT_H 1
| #define HAVE_UNISTD_H 1
| #define HAVE_DLFCN_H 1
| #define LT_OBJDIR ".libs/"
| #define NBD_LFS 1
| /* end confdefs.h.  */
| #include <sys/types.h>
| 		#include <sys/param.h>
| 
| int
| main ()
| {
| #if BYTE_ORDER != BIG_ENDIAN
| 		 not big endian
| 		#endif
| 
|   ;
|   return 0;
| }
configure:13191: result: no
configure:13209: checking for inline
configure:13225: gcc -c -g -O2  conftest.c >&5
configure:13225: $? = 0
configure:13233: result: inline
configure:13251: checking for an ANSI C-conforming const
configure:13317: gcc -c -g -O2  conftest.c >&5
configure:13317: $? = 0
configure:13324: result: yes
configure:13336: checking size of unsigned short int
configure:13341: gcc -o conftest -g -O2   conftest.c  >&5
configure:13341: $? = 0
configure:13341: ./conftest
configure:13341: $? = 0
configure:13355: result: 2
configure:13369: checking size of unsigned int
configure:13374: gcc -o conftest -g -O2   conftest.c  >&5
configure:13374: $? = 0
configure:13374: ./conftest
configure:13374: $? = 0
configure:13388: result: 4
configure:13402: checking size of unsigned long int
configure:13407: gcc -o conftest -g -O2   conftest.c  >&5
configure:13407: $? = 0
configure:13407: ./conftest
configure:13407: $? = 0
configure:13421: result: 8
configure:13435: checking size of unsigned long long int
configure:13440: gcc -o conftest -g -O2   conftest.c  >&5
configure:13440: $? = 0
configure:13440: ./conftest
configure:13440: $? = 0
configure:13454: result: 8
configure:13467: checking for dirent.h that defines DIR
configure:13486: gcc -c -g -O2  conftest.c >&5
configure:13486: $? = 0
configure:13494: result: yes
configure:13507: checking for library containing opendir
configure:13538: gcc -o conftest -g -O2   conftest.c  >&5
configure:13538: $? = 0
configure:13555: result: none required
configure:13624: checking for struct dirent.d_type
configure:13624: gcc -c -g -O2  conftest.c >&5
configure:13624: $? = 0
configure:13624: result: yes
configure:13655: checking for llseek
configure:13655: gcc -o conftest -g -O2   conftest.c  >&5
/tmp/ccB7K7ph.o: In function `main':
/home/gic4107/nbd-3.20/conftest.c:64: warning: the `llseek' function may be dangerous; use `lseek64' instead.
configure:13655: $? = 0
configure:13655: result: yes
configure:13655: checking for alarm
configure:13655: gcc -o conftest -g -O2   conftest.c  >&5
configure:13655: $? = 0
configure:13655: result: yes
configure:13655: checking for gethostbyname
configure:13655: gcc -o conftest -g -O2   conftest.c  >&5
configure:13655: $? = 0
configure:13655: result: yes
configure:13655: checking for inet_ntoa
configure:13655: gcc -o conftest -g -O2   conftest.c  >&5
configure:13655: $? = 0
configure:13655: result: yes
configure:13655: checking for memset
configure:13655: gcc -o conftest -g -O2   conftest.c  >&5
conftest.c:57:6: warning: conflicting types for built-in function 'memset' [-Wbuiltin-declaration-mismatch]
 char memset ();
      ^~~~~~
configure:13655: $? = 0
configure:13655: result: yes
configure:13655: checking for socket
configure:13655: gcc -o conftest -g -O2   conftest.c  >&5
configure:13655: $? = 0
configure:13655: result: yes
configure:13655: checking for strerror
configure:13655: gcc -o conftest -g -O2   conftest.c  >&5
configure:13655: $? = 0
configure:13655: result: yes
configure:13655: checking for strstr
configure:13655: gcc -o conftest -g -O2   conftest.c  >&5
conftest.c:60:6: warning: conflicting types for built-in function 'strstr' [-Wbuiltin-declaration-mismatch]
 char strstr ();
      ^~~~~~
configure:13655: $? = 0
configure:13655: result: yes
configure:13655: checking for mkstemp
configure:13655: gcc -o conftest -g -O2   conftest.c  >&5
configure:13655: $? = 0
configure:13655: result: yes
configure:13655: checking for fdatasync
configure:13655: gcc -o conftest -g -O2   conftest.c  >&5
configure:13655: $? = 0
configure:13655: result: yes
configure:13666: checking for fallocate
configure:13666: gcc -o conftest -g -O2   conftest.c  >&5
configure:13666: $? = 0
configure:13666: result: yes
configure:13671: checking linux/falloc.h usability
configure:13671: gcc -c -g -O2  conftest.c >&5
configure:13671: $? = 0
configure:13671: result: yes
configure:13671: checking linux/falloc.h presence
configure:13671: gcc -E  conftest.c
configure:13671: $? = 0
configure:13671: result: yes
configure:13671: checking for linux/falloc.h
configure:13671: result: yes
configure:13683: checking whether FALLOC_FL_PUNCH_HOLE is declared
configure:13683: gcc -c -g -O2  conftest.c >&5
configure:13683: $? = 0
configure:13683: result: yes
configure:13697: checking for FALLOC_FL_PUNCH_HOLE support
configure:13704: result: yes
configure:13714: checking whether BLKDISCARD is declared
configure:13714: gcc -c -g -O2  conftest.c >&5
configure:13714: $? = 0
configure:13714: result: yes
configure:13726: checking for splice
configure:13726: gcc -o conftest -g -O2   conftest.c  >&5
configure:13726: $? = 0
configure:13726: result: yes
configure:13736: checking whether F_SETPIPE_SZ is declared
configure:13736: gcc -c -g -O2  conftest.c >&5
configure:13736: $? = 0
configure:13736: result: yes
configure:13773: checking for F_SETPIPE_SZ support
configure:13780: result: yes
configure:13815: checking for GnuTLS
configure:13822: $PKG_CONFIG --exists --print-errors "gnutls >= 2.12.0"
Package gnutls was not found in the pkg-config search path.
Perhaps you should add the directory containing `gnutls.pc'
to the PKG_CONFIG_PATH environment variable
No package 'gnutls' found
configure:13825: $? = 1
configure:13839: $PKG_CONFIG --exists --print-errors "gnutls >= 2.12.0"
Package gnutls was not found in the pkg-config search path.
Perhaps you should add the directory containing `gnutls.pc'
to the PKG_CONFIG_PATH environment variable
No package 'gnutls' found
configure:13842: $? = 1
configure:13856: result: no
No package 'gnutls' found
configure:13917: checking for winioctl.h
configure:13917: gcc -c -g -O2  conftest.c >&5
conftest.c:45:10: fatal error: io.h: No such file or directory
 #include <io.h>
          ^~~~~~
compilation terminated.
configure:13917: $? = 1
configure: failed program was:
| /* confdefs.h */
| #define PACKAGE_NAME "nbd"
| #define PACKAGE_TARNAME "nbd"
| #define PACKAGE_VERSION "3.20"
| #define PACKAGE_STRING "nbd 3.20"
| #define PACKAGE_BUGREPORT "nbd@other.debian.org"
| #define PACKAGE_URL "http://nbd.sourceforge.net/"
| #define PACKAGE "nbd"
| #define VERSION "3.20"
| #define STDC_HEADERS 1
| #define HAVE_SYS_TYPES_H 1
| #define HAVE_SYS_STAT_H 1
| #define HAVE_STDLIB_H 1
| #define HAVE_STRING_H 1
| #define HAVE_MEMORY_H 1
| #define HAVE_STRINGS_H 1
| #define HAVE_INTTYPES_H 1
| #define HAVE_STDINT_H 1
| #define HAVE_UNISTD_H 1
| #define HAVE_DLFCN_H 1
| #define LT_OBJDIR ".libs/"
| #define NBD_LFS 1
| #define SIZEOF_UNSIGNED_SHORT_INT 2
| #define SIZEOF_UNSIGNED_INT 4
| #define SIZEOF_UNSIGNED_LONG_INT 8
| #define SIZEOF_UNSIGNED_LONG_LONG_INT 8
| #define HAVE_DIRENT_H 1
| #define HAVE_STRUCT_DIRENT_D_TYPE 1
| #define HAVE_LLSEEK 1
| #define HAVE_ALARM 1
| #define HAVE_GETHOSTBYNAME 1
| #define HAVE_INET_NTOA 1
| #define HAVE_MEMSET 1
| #define HAVE_SOCKET 1
| #define HAVE_STRERROR 1
| #define HAVE_STRSTR 1
| #define HAVE_MKSTEMP 1
| #define HAVE_FDATASYNC 1
| #define HAVE_LINUX_FALLOC_H 1
| #define HAVE_FALLOC_PH 1
| #define HAVE_BLKDISCARD 1
| #define HAVE_SPLICE 1
| #define HAVE_GNUTLS 0
| /* end confdefs.h.  */
| #include <io.h>
| #include <windef.h>
| #include <winbase.h>
| 
| 
| #include <winioctl.h>
configure:13917: result: no
configure:13957: checking for sync_file_range
configure:13957: gcc -o conftest -g -O2   conftest.c  >&5
configure:13957: $? = 0
configure:13957: result: yes
configure:13964: checking for pid_t
configure:13964: gcc -c -g -O2  conftest.c >&5
configure:13964: $? = 0
configure:13964: gcc -c -g -O2  conftest.c >&5
conftest.c: In function 'main':
conftest.c:83:20: error: expected expression before ')' token
 if (sizeof ((pid_t)))
                    ^
configure:13964: $? = 1
configure: failed program was:
| /* confdefs.h */
| #define PACKAGE_NAME "nbd"
| #define PACKAGE_TARNAME "nbd"
| #define PACKAGE_VERSION "3.20"
| #define PACKAGE_STRING "nbd 3.20"
| #define PACKAGE_BUGREPORT "nbd@other.debian.org"
| #define PACKAGE_URL "http://nbd.sourceforge.net/"
| #define PACKAGE "nbd"
| #define VERSION "3.20"
| #define STDC_HEADERS 1
| #define HAVE_SYS_TYPES_H 1
| #define HAVE_SYS_STAT_H 1
| #define HAVE_STDLIB_H 1
| #define HAVE_STRING_H 1
| #define HAVE_MEMORY_H 1
| #define HAVE_STRINGS_H 1
| #define HAVE_INTTYPES_H 1
| #define HAVE_STDINT_H 1
| #define HAVE_UNISTD_H 1
| #define HAVE_DLFCN_H 1
| #define LT_OBJDIR ".libs/"
| #define NBD_LFS 1
| #define SIZEOF_UNSIGNED_SHORT_INT 2
| #define SIZEOF_UNSIGNED_INT 4
| #define SIZEOF_UNSIGNED_LONG_INT 8
| #define SIZEOF_UNSIGNED_LONG_LONG_INT 8
| #define HAVE_DIRENT_H 1
| #define HAVE_STRUCT_DIRENT_D_TYPE 1
| #define HAVE_LLSEEK 1
| #define HAVE_ALARM 1
| #define HAVE_GETHOSTBYNAME 1
| #define HAVE_INET_NTOA 1
| #define HAVE_MEMSET 1
| #define HAVE_SOCKET 1
| #define HAVE_STRERROR 1
| #define HAVE_STRSTR 1
| #define HAVE_MKSTEMP 1
| #define HAVE_FDATASYNC 1
| #define HAVE_LINUX_FALLOC_H 1
| #define HAVE_FALLOC_PH 1
| #define HAVE_BLKDISCARD 1
| #define HAVE_SPLICE 1
| #define HAVE_GNUTLS 0
| #define HAVE_FSCTL_SET_ZERO_DATA 0
| #define HAVE_SYNC_FILE_RANGE sync_file_range(2) is not supported
| /* end confdefs.h.  */
| #include <stdio.h>
| #ifdef HAVE_SYS_TYPES_H
| # include <sys/types.h>
| #endif
| #ifdef HAVE_SYS_STAT_H
| # include <sys/stat.h>
| #endif
| #ifdef STDC_HEADERS
| # include <stdlib.h>
| # include <stddef.h>
| #else
| # ifdef HAVE_STDLIB_H
| #  include <stdlib.h>
| # endif
| #endif
| #ifdef HAVE_STRING_H
| # if !defined STDC_HEADERS && defined HAVE_MEMORY_H
| #  include <memory.h>
| # endif
| # include <string.h>
| #endif
| #ifdef HAVE_STRINGS_H
| # include <strings.h>
| #endif
| #ifdef HAVE_INTTYPES_H
| # include <inttypes.h>
| #endif
| #ifdef HAVE_STDINT_H
| # include <stdint.h>
| #endif
| #ifdef HAVE_UNISTD_H
| # include <unistd.h>
| #endif
| int
| main ()
| {
| if (sizeof ((pid_t)))
| 	    return 0;
|   ;
|   return 0;
| }
configure:13964: result: yes
configure:13977: checking vfork.h usability
configure:13977: gcc -c -g -O2  conftest.c >&5
conftest.c:80:10: fatal error: vfork.h: No such file or directory
 #include <vfork.h>
          ^~~~~~~~~
compilation terminated.
configure:13977: $? = 1
configure: failed program was:
| /* confdefs.h */
| #define PACKAGE_NAME "nbd"
| #define PACKAGE_TARNAME "nbd"
| #define PACKAGE_VERSION "3.20"
| #define PACKAGE_STRING "nbd 3.20"
| #define PACKAGE_BUGREPORT "nbd@other.debian.org"
| #define PACKAGE_URL "http://nbd.sourceforge.net/"
| #define PACKAGE "nbd"
| #define VERSION "3.20"
| #define STDC_HEADERS 1
| #define HAVE_SYS_TYPES_H 1
| #define HAVE_SYS_STAT_H 1
| #define HAVE_STDLIB_H 1
| #define HAVE_STRING_H 1
| #define HAVE_MEMORY_H 1
| #define HAVE_STRINGS_H 1
| #define HAVE_INTTYPES_H 1
| #define HAVE_STDINT_H 1
| #define HAVE_UNISTD_H 1
| #define HAVE_DLFCN_H 1
| #define LT_OBJDIR ".libs/"
| #define NBD_LFS 1
| #define SIZEOF_UNSIGNED_SHORT_INT 2
| #define SIZEOF_UNSIGNED_INT 4
| #define SIZEOF_UNSIGNED_LONG_INT 8
| #define SIZEOF_UNSIGNED_LONG_LONG_INT 8
| #define HAVE_DIRENT_H 1
| #define HAVE_STRUCT_DIRENT_D_TYPE 1
| #define HAVE_LLSEEK 1
| #define HAVE_ALARM 1
| #define HAVE_GETHOSTBYNAME 1
| #define HAVE_INET_NTOA 1
| #define HAVE_MEMSET 1
| #define HAVE_SOCKET 1
| #define HAVE_STRERROR 1
| #define HAVE_STRSTR 1
| #define HAVE_MKSTEMP 1
| #define HAVE_FDATASYNC 1
| #define HAVE_LINUX_FALLOC_H 1
| #define HAVE_FALLOC_PH 1
| #define HAVE_BLKDISCARD 1
| #define HAVE_SPLICE 1
| #define HAVE_GNUTLS 0
| #define HAVE_FSCTL_SET_ZERO_DATA 0
| #define HAVE_SYNC_FILE_RANGE sync_file_range(2) is not supported
| /* end confdefs.h.  */
| #include <stdio.h>
| #ifdef HAVE_SYS_TYPES_H
| # include <sys/types.h>
| #endif
| #ifdef HAVE_SYS_STAT_H
| # include <sys/stat.h>
| #endif
| #ifdef STDC_HEADERS
| # include <stdlib.h>
| # include <stddef.h>
| #else
| # ifdef HAVE_STDLIB_H
| #  include <stdlib.h>
| # endif
| #endif
| #ifdef HAVE_STRING_H
| # if !defined STDC_HEADERS && defined HAVE_MEMORY_H
| #  include <memory.h>
| # endif
| # include <string.h>
| #endif
| #ifdef HAVE_STRINGS_H
| # include <strings.h>
| #endif
| #ifdef HAVE_INTTYPES_H
| # include <inttypes.h>
| #endif
| #ifdef HAVE_STDINT_H
| # include <stdint.h>
| #endif
| #ifdef HAVE_UNISTD_H
| # include <unistd.h>
| #endif
| #include <vfork.h>
configure:13977: result: no
configure:13977: checking vfork.h presence
configure:13977: gcc -E  conftest.c
conftest.c:47:10: fatal error: vfork.h: No such file or directory
 #include <vfork.h>
          ^~~~~~~~~
compilation terminated.
configure:13977: $? = 1
configure: failed program was:
| /* confdefs.h */
| #define PACKAGE_NAME "nbd"
| #define PACKAGE_TARNAME "nbd"
| #define PACKAGE_VERSION "3.20"
| #define PACKAGE_STRING "nbd 3.20"
| #define PACKAGE_BUGREPORT "nbd@other.debian.org"
| #define PACKAGE_URL "http://nbd.sourceforge.net/"
| #define PACKAGE "nbd"
| #define VERSION "3.20"
| #define STDC_HEADERS 1
| #define HAVE_SYS_TYPES_H 1
| #define HAVE_SYS_STAT_H 1
| #define HAVE_STDLIB_H 1
| #define HAVE_STRING_H 1
| #define HAVE_MEMORY_H 1
| #define HAVE_STRINGS_H 1
| #define HAVE_INTTYPES_H 1
| #define HAVE_STDINT_H 1
| #define HAVE_UNISTD_H 1
| #define HAVE_DLFCN_H 1
| #define LT_OBJDIR ".libs/"
| #define NBD_LFS 1
| #define SIZEOF_UNSIGNED_SHORT_INT 2
| #define SIZEOF_UNSIGNED_INT 4
| #define SIZEOF_UNSIGNED_LONG_INT 8
| #define SIZEOF_UNSIGNED_LONG_LONG_INT 8
| #define HAVE_DIRENT_H 1
| #define HAVE_STRUCT_DIRENT_D_TYPE 1
| #define HAVE_LLSEEK 1
| #define HAVE_ALARM 1
| #define HAVE_GETHOSTBYNAME 1
| #define HAVE_INET_NTOA 1
| #define HAVE_MEMSET 1
| #define HAVE_SOCKET 1
| #define HAVE_STRERROR 1
| #define HAVE_STRSTR 1
| #define HAVE_MKSTEMP 1
| #define HAVE_FDATASYNC 1
| #define HAVE_LINUX_FALLOC_H 1
| #define HAVE_FALLOC_PH 1
| #define HAVE_BLKDISCARD 1
| #define HAVE_SPLICE 1
| #define HAVE_GNUTLS 0
| #define HAVE_FSCTL_SET_ZERO_DATA 0
| #define HAVE_SYNC_FILE_RANGE sync_file_range(2) is not supported
| /* end confdefs.h.  */
| #include <vfork.h>
configure:13977: result: no
configure:13977: checking for vfork.h
configure:13977: result: no
configure:13990: checking for fork
configure:13990: gcc -o conftest -g -O2   conftest.c  >&5
conftest.c:70:6: warning: conflicting types for built-in function 'fork' [-Wbuiltin-declaration-mismatch]
 char fork ();
      ^~~~
configure:13990: $? = 0
configure:13990: result: yes
configure:13990: checking for vfork
configure:13990: gcc -o conftest -g -O2   conftest.c  >&5
configure:13990: $? = 0
configure:13990: result: yes
configure:14000: checking for working fork
configure:14022: gcc -o conftest -g -O2   conftest.c  >&5
configure:14022: $? = 0
configure:14022: ./conftest
configure:14022: $? = 0
configure:14032: result: yes
configure:14053: checking for working vfork
configure:14163: result: yes
configure:14195: checking whether client should be built
configure:14199: result: yes
configure:14206: checking whether to expect tlshuge test to fail
configure:14213: result: no
configure:14226: checking for library containing bind
configure:14257: gcc -o conftest -g -O2   conftest.c  >&5
configure:14257: $? = 0
configure:14274: result: none required
configure:14284: checking for library containing inet_ntoa
configure:14315: gcc -o conftest -g -O2   conftest.c  >&5
configure:14315: $? = 0
configure:14332: result: none required
configure:14342: checking for library containing daemon
configure:14373: gcc -o conftest -g -O2   conftest.c  >&5
configure:14373: $? = 0
configure:14390: result: none required
configure:14402: checking for sys/mount.h
configure:14402: gcc -c -g -O2  conftest.c >&5
configure:14402: $? = 0
configure:14402: result: yes
configure:14417: checking arpa/inet.h usability
configure:14417: gcc -c -g -O2  conftest.c >&5
configure:14417: $? = 0
configure:14417: result: yes
configure:14417: checking arpa/inet.h presence
configure:14417: gcc -E  conftest.c
configure:14417: $? = 0
configure:14417: result: yes
configure:14417: checking for arpa/inet.h
configure:14417: result: yes
configure:14417: checking fcntl.h usability
configure:14417: gcc -c -g -O2  conftest.c >&5
configure:14417: $? = 0
configure:14417: result: yes
configure:14417: checking fcntl.h presence
configure:14417: gcc -E  conftest.c
configure:14417: $? = 0
configure:14417: result: yes
configure:14417: checking for fcntl.h
configure:14417: result: yes
configure:14417: checking netdb.h usability
configure:14417: gcc -c -g -O2  conftest.c >&5
configure:14417: $? = 0
configure:14417: result: yes
configure:14417: checking netdb.h presence
configure:14417: gcc -E  conftest.c
configure:14417: $? = 0
configure:14417: result: yes
configure:14417: checking for netdb.h
configure:14417: result: yes
configure:14417: checking netinet/in.h usability
configure:14417: gcc -c -g -O2  conftest.c >&5
configure:14417: $? = 0
configure:14417: result: yes
configure:14417: checking netinet/in.h presence
configure:14417: gcc -E  conftest.c
configure:14417: $? = 0
configure:14417: result: yes
configure:14417: checking for netinet/in.h
configure:14417: result: yes
configure:14417: checking sys/ioctl.h usability
configure:14417: gcc -c -g -O2  conftest.c >&5
configure:14417: $? = 0
configure:14417: result: yes
configure:14417: checking sys/ioctl.h presence
configure:14417: gcc -E  conftest.c
configure:14417: $? = 0
configure:14417: result: yes
configure:14417: checking for sys/ioctl.h
configure:14417: result: yes
configure:14417: checking sys/socket.h usability
configure:14417: gcc -c -g -O2  conftest.c >&5
configure:14417: $? = 0
configure:14417: result: yes
configure:14417: checking sys/socket.h presence
configure:14417: gcc -E  conftest.c
configure:14417: $? = 0
configure:14417: result: yes
configure:14417: checking for sys/socket.h
configure:14417: result: yes
configure:14417: checking syslog.h usability
configure:14417: gcc -c -g -O2  conftest.c >&5
configure:14417: $? = 0
configure:14417: result: yes
configure:14417: checking syslog.h presence
configure:14417: gcc -E  conftest.c
configure:14417: $? = 0
configure:14417: result: yes
configure:14417: checking for syslog.h
configure:14417: result: yes
configure:14417: checking linux/types.h usability
configure:14417: gcc -c -g -O2  conftest.c >&5
configure:14417: $? = 0
configure:14417: result: yes
configure:14417: checking linux/types.h presence
configure:14417: gcc -E  conftest.c
configure:14417: $? = 0
configure:14417: result: yes
configure:14417: checking for linux/types.h
configure:14417: result: yes
configure:14417: checking sys/dirent.h usability
configure:14417: gcc -c -g -O2  conftest.c >&5
conftest.c:93:10: fatal error: sys/dirent.h: No such file or directory
 #include <sys/dirent.h>
          ^~~~~~~~~~~~~~
compilation terminated.
configure:14417: $? = 1
configure: failed program was:
| /* confdefs.h */
| #define PACKAGE_NAME "nbd"
| #define PACKAGE_TARNAME "nbd"
| #define PACKAGE_VERSION "3.20"
| #define PACKAGE_STRING "nbd 3.20"
| #define PACKAGE_BUGREPORT "nbd@other.debian.org"
| #define PACKAGE_URL "http://nbd.sourceforge.net/"
| #define PACKAGE "nbd"
| #define VERSION "3.20"
| #define STDC_HEADERS 1
| #define HAVE_SYS_TYPES_H 1
| #define HAVE_SYS_STAT_H 1
| #define HAVE_STDLIB_H 1
| #define HAVE_STRING_H 1
| #define HAVE_MEMORY_H 1
| #define HAVE_STRINGS_H 1
| #define HAVE_INTTYPES_H 1
| #define HAVE_STDINT_H 1
| #define HAVE_UNISTD_H 1
| #define HAVE_DLFCN_H 1
| #define LT_OBJDIR ".libs/"
| #define NBD_LFS 1
| #define SIZEOF_UNSIGNED_SHORT_INT 2
| #define SIZEOF_UNSIGNED_INT 4
| #define SIZEOF_UNSIGNED_LONG_INT 8
| #define SIZEOF_UNSIGNED_LONG_LONG_INT 8
| #define HAVE_DIRENT_H 1
| #define HAVE_STRUCT_DIRENT_D_TYPE 1
| #define HAVE_LLSEEK 1
| #define HAVE_ALARM 1
| #define HAVE_GETHOSTBYNAME 1
| #define HAVE_INET_NTOA 1
| #define HAVE_MEMSET 1
| #define HAVE_SOCKET 1
| #define HAVE_STRERROR 1
| #define HAVE_STRSTR 1
| #define HAVE_MKSTEMP 1
| #define HAVE_FDATASYNC 1
| #define HAVE_LINUX_FALLOC_H 1
| #define HAVE_FALLOC_PH 1
| #define HAVE_BLKDISCARD 1
| #define HAVE_SPLICE 1
| #define HAVE_GNUTLS 0
| #define HAVE_FSCTL_SET_ZERO_DATA 0
| #define HAVE_SYNC_FILE_RANGE sync_file_range(2) is not supported
| #define HAVE_FORK 1
| #define HAVE_VFORK 1
| #define HAVE_WORKING_VFORK 1
| #define HAVE_WORKING_FORK 1
| #define HAVE_SYS_MOUNT_H 1
| #define HAVE_ARPA_INET_H 1
| #define HAVE_FCNTL_H 1
| #define HAVE_NETDB_H 1
| #define HAVE_NETINET_IN_H 1
| #define HAVE_SYS_IOCTL_H 1
| #define HAVE_SYS_SOCKET_H 1
| #define HAVE_SYSLOG_H 1
| #define HAVE_LINUX_TYPES_H 1
| /* end confdefs.h.  */
| #include <stdio.h>
| #ifdef HAVE_SYS_TYPES_H
| # include <sys/types.h>
| #endif
| #ifdef HAVE_SYS_STAT_H
| # include <sys/stat.h>
| #endif
| #ifdef STDC_HEADERS
| # include <stdlib.h>
| # include <stddef.h>
| #else
| # ifdef HAVE_STDLIB_H
| #  include <stdlib.h>
| # endif
| #endif
| #ifdef HAVE_STRING_H
| # if !defined STDC_HEADERS && defined HAVE_MEMORY_H
| #  include <memory.h>
| # endif
| # include <string.h>
| #endif
| #ifdef HAVE_STRINGS_H
| # include <strings.h>
| #endif
| #ifdef HAVE_INTTYPES_H
| # include <inttypes.h>
| #endif
| #ifdef HAVE_STDINT_H
| # include <stdint.h>
| #endif
| #ifdef HAVE_UNISTD_H
| # include <unistd.h>
| #endif
| #include <sys/dirent.h>
configure:14417: result: no
configure:14417: checking sys/dirent.h presence
configure:14417: gcc -E  conftest.c
conftest.c:60:10: fatal error: sys/dirent.h: No such file or directory
 #include <sys/dirent.h>
          ^~~~~~~~~~~~~~
compilation terminated.
configure:14417: $? = 1
configure: failed program was:
| /* confdefs.h */
| #define PACKAGE_NAME "nbd"
| #define PACKAGE_TARNAME "nbd"
| #define PACKAGE_VERSION "3.20"
| #define PACKAGE_STRING "nbd 3.20"
| #define PACKAGE_BUGREPORT "nbd@other.debian.org"
| #define PACKAGE_URL "http://nbd.sourceforge.net/"
| #define PACKAGE "nbd"
| #define VERSION "3.20"
| #define STDC_HEADERS 1
| #define HAVE_SYS_TYPES_H 1
| #define HAVE_SYS_STAT_H 1
| #define HAVE_STDLIB_H 1
| #define HAVE_STRING_H 1
| #define HAVE_MEMORY_H 1
| #define HAVE_STRINGS_H 1
| #define HAVE_INTTYPES_H 1
| #define HAVE_STDINT_H 1
| #define HAVE_UNISTD_H 1
| #define HAVE_DLFCN_H 1
| #define LT_OBJDIR ".libs/"
| #define NBD_LFS 1
| #define SIZEOF_UNSIGNED_SHORT_INT 2
| #define SIZEOF_UNSIGNED_INT 4
| #define SIZEOF_UNSIGNED_LONG_INT 8
| #define SIZEOF_UNSIGNED_LONG_LONG_INT 8
| #define HAVE_DIRENT_H 1
| #define HAVE_STRUCT_DIRENT_D_TYPE 1
| #define HAVE_LLSEEK 1
| #define HAVE_ALARM 1
| #define HAVE_GETHOSTBYNAME 1
| #define HAVE_INET_NTOA 1
| #define HAVE_MEMSET 1
| #define HAVE_SOCKET 1
| #define HAVE_STRERROR 1
| #define HAVE_STRSTR 1
| #define HAVE_MKSTEMP 1
| #define HAVE_FDATASYNC 1
| #define HAVE_LINUX_FALLOC_H 1
| #define HAVE_FALLOC_PH 1
| #define HAVE_BLKDISCARD 1
| #define HAVE_SPLICE 1
| #define HAVE_GNUTLS 0
| #define HAVE_FSCTL_SET_ZERO_DATA 0
| #define HAVE_SYNC_FILE_RANGE sync_file_range(2) is not supported
| #define HAVE_FORK 1
| #define HAVE_VFORK 1
| #define HAVE_WORKING_VFORK 1
| #define HAVE_WORKING_FORK 1
| #define HAVE_SYS_MOUNT_H 1
| #define HAVE_ARPA_INET_H 1
| #define HAVE_FCNTL_H 1
| #define HAVE_NETDB_H 1
| #define HAVE_NETINET_IN_H 1
| #define HAVE_SYS_IOCTL_H 1
| #define HAVE_SYS_SOCKET_H 1
| #define HAVE_SYSLOG_H 1
| #define HAVE_LINUX_TYPES_H 1
| /* end confdefs.h.  */
| #include <sys/dirent.h>
configure:14417: result: no
configure:14417: checking for sys/dirent.h
configure:14417: result: no
configure:14417: checking sys/uio.h usability
configure:14417: gcc -c -g -O2  conftest.c >&5
configure:14417: $? = 0
configure:14417: result: yes
configure:14417: checking sys/uio.h presence
configure:14417: gcc -E  conftest.c
configure:14417: $? = 0
configure:14417: result: yes
configure:14417: checking for sys/uio.h
configure:14417: result: yes
configure:14429: checking for GLIB
configure:14436: $PKG_CONFIG --exists --print-errors "glib-2.0 >= 2.26.0 gthread-2.0 >= 2.26.0"
configure:14439: $? = 0
configure:14453: $PKG_CONFIG --exists --print-errors "glib-2.0 >= 2.26.0 gthread-2.0 >= 2.26.0"
configure:14456: $? = 0
configure:14494: result: yes
configure:14501: checking if we are using an old glib 2.0 library
configure:14514: gcc -c -Wdeprecated-declarations -Werror -pthread -I/usr/include/glib-2.0 -I/usr/lib/x86_64-linux-gnu/glib-2.0/include  conftest.c >&5
conftest.c: In function 'main':
conftest.c:65:1: error: 'g_thread_init' is deprecated [-Werror=deprecated-declarations]
 g_thread_init(NULL);
 ^~~~~~~~~~~~~
In file included from /usr/include/glib-2.0/glib.h:108:0,
                 from conftest.c:61:
/usr/include/glib-2.0/glib/deprecated/gthread.h:265:10: note: declared here
 void     g_thread_init                   (gpointer vtable);
          ^~~~~~~~~~~~~
cc1: all warnings being treated as errors
configure:14514: $? = 1
configure: failed program was:
| /* confdefs.h */
| #define PACKAGE_NAME "nbd"
| #define PACKAGE_TARNAME "nbd"
| #define PACKAGE_VERSION "3.20"
| #define PACKAGE_STRING "nbd 3.20"
| #define PACKAGE_BUGREPORT "nbd@other.debian.org"
| #define PACKAGE_URL "http://nbd.sourceforge.net/"
| #define PACKAGE "nbd"
| #define VERSION "3.20"
| #define STDC_HEADERS 1
| #define HAVE_SYS_TYPES_H 1
| #define HAVE_SYS_STAT_H 1
| #define HAVE_STDLIB_H 1
| #define HAVE_STRING_H 1
| #define HAVE_MEMORY_H 1
| #define HAVE_STRINGS_H 1
| #define HAVE_INTTYPES_H 1
| #define HAVE_STDINT_H 1
| #define HAVE_UNISTD_H 1
| #define HAVE_DLFCN_H 1
| #define LT_OBJDIR ".libs/"
| #define NBD_LFS 1
| #define SIZEOF_UNSIGNED_SHORT_INT 2
| #define SIZEOF_UNSIGNED_INT 4
| #define SIZEOF_UNSIGNED_LONG_INT 8
| #define SIZEOF_UNSIGNED_LONG_LONG_INT 8
| #define HAVE_DIRENT_H 1
| #define HAVE_STRUCT_DIRENT_D_TYPE 1
| #define HAVE_LLSEEK 1
| #define HAVE_ALARM 1
| #define HAVE_GETHOSTBYNAME 1
| #define HAVE_INET_NTOA 1
| #define HAVE_MEMSET 1
| #define HAVE_SOCKET 1
| #define HAVE_STRERROR 1
| #define HAVE_STRSTR 1
| #define HAVE_MKSTEMP 1
| #define HAVE_FDATASYNC 1
| #define HAVE_LINUX_FALLOC_H 1
| #define HAVE_FALLOC_PH 1
| #define HAVE_BLKDISCARD 1
| #define HAVE_SPLICE 1
| #define HAVE_GNUTLS 0
| #define HAVE_FSCTL_SET_ZERO_DATA 0
| #define HAVE_SYNC_FILE_RANGE sync_file_range(2) is not supported
| #define HAVE_FORK 1
| #define HAVE_VFORK 1
| #define HAVE_WORKING_VFORK 1
| #define HAVE_WORKING_FORK 1
| #define HAVE_SYS_MOUNT_H 1
| #define HAVE_ARPA_INET_H 1
| #define HAVE_FCNTL_H 1
| #define HAVE_NETDB_H 1
| #define HAVE_NETINET_IN_H 1
| #define HAVE_SYS_IOCTL_H 1
| #define HAVE_SYS_SOCKET_H 1
| #define HAVE_SYSLOG_H 1
| #define HAVE_LINUX_TYPES_H 1
| #define HAVE_SYS_UIO_H 1
| /* end confdefs.h.  */
| #include <glib.h>
| int
| main ()
| {
| g_thread_init(NULL);
|   ;
|   return 0;
| }
configure:14524: result: no
configure:14535: checking whether _BSD_SOURCE needs to be defined for DT_* macros
configure:14550: gcc -E  conftest.c
configure:14550: $? = 0
configure:14551: result: no
configure:14574: checking for LIBNL3
configure:14581: $PKG_CONFIG --exists --print-errors "libnl-genl-3.0 >= 3.1"
Package libnl-genl-3.0 was not found in the pkg-config search path.
Perhaps you should add the directory containing `libnl-genl-3.0.pc'
to the PKG_CONFIG_PATH environment variable
No package 'libnl-genl-3.0' found
configure:14584: $? = 1
configure:14598: $PKG_CONFIG --exists --print-errors "libnl-genl-3.0 >= 3.1"
Package libnl-genl-3.0 was not found in the pkg-config search path.
Perhaps you should add the directory containing `libnl-genl-3.0.pc'
to the PKG_CONFIG_PATH environment variable
No package 'libnl-genl-3.0' found
configure:14601: $? = 1
configure:14615: result: no
No package 'libnl-genl-3.0' found
configure:14695: checking for sys/wait.h that is POSIX.1 compatible
configure:14721: gcc -c -g -O2  conftest.c >&5
configure:14721: $? = 0
configure:14728: result: yes
configure:14736: checking for off_t
configure:14736: gcc -c -g -O2  conftest.c >&5
configure:14736: $? = 0
configure:14736: gcc -c -g -O2  conftest.c >&5
conftest.c: In function 'main':
conftest.c:101:20: error: expected expression before ')' token
 if (sizeof ((off_t)))
                    ^
configure:14736: $? = 1
configure: failed program was:
| /* confdefs.h */
| #define PACKAGE_NAME "nbd"
| #define PACKAGE_TARNAME "nbd"
| #define PACKAGE_VERSION "3.20"
| #define PACKAGE_STRING "nbd 3.20"
| #define PACKAGE_BUGREPORT "nbd@other.debian.org"
| #define PACKAGE_URL "http://nbd.sourceforge.net/"
| #define PACKAGE "nbd"
| #define VERSION "3.20"
| #define STDC_HEADERS 1
| #define HAVE_SYS_TYPES_H 1
| #define HAVE_SYS_STAT_H 1
| #define HAVE_STDLIB_H 1
| #define HAVE_STRING_H 1
| #define HAVE_MEMORY_H 1
| #define HAVE_STRINGS_H 1
| #define HAVE_INTTYPES_H 1
| #define HAVE_STDINT_H 1
| #define HAVE_UNISTD_H 1
| #define HAVE_DLFCN_H 1
| #define LT_OBJDIR ".libs/"
| #define NBD_LFS 1
| #define SIZEOF_UNSIGNED_SHORT_INT 2
| #define SIZEOF_UNSIGNED_INT 4
| #define SIZEOF_UNSIGNED_LONG_INT 8
| #define SIZEOF_UNSIGNED_LONG_LONG_INT 8
| #define HAVE_DIRENT_H 1
| #define HAVE_STRUCT_DIRENT_D_TYPE 1
| #define HAVE_LLSEEK 1
| #define HAVE_ALARM 1
| #define HAVE_GETHOSTBYNAME 1
| #define HAVE_INET_NTOA 1
| #define HAVE_MEMSET 1
| #define HAVE_SOCKET 1
| #define HAVE_STRERROR 1
| #define HAVE_STRSTR 1
| #define HAVE_MKSTEMP 1
| #define HAVE_FDATASYNC 1
| #define HAVE_LINUX_FALLOC_H 1
| #define HAVE_FALLOC_PH 1
| #define HAVE_BLKDISCARD 1
| #define HAVE_SPLICE 1
| #define HAVE_GNUTLS 0
| #define HAVE_FSCTL_SET_ZERO_DATA 0
| #define HAVE_SYNC_FILE_RANGE sync_file_range(2) is not supported
| #define HAVE_FORK 1
| #define HAVE_VFORK 1
| #define HAVE_WORKING_VFORK 1
| #define HAVE_WORKING_FORK 1
| #define HAVE_SYS_MOUNT_H 1
| #define HAVE_ARPA_INET_H 1
| #define HAVE_FCNTL_H 1
| #define HAVE_NETDB_H 1
| #define HAVE_NETINET_IN_H 1
| #define HAVE_SYS_IOCTL_H 1
| #define HAVE_SYS_SOCKET_H 1
| #define HAVE_SYSLOG_H 1
| #define HAVE_LINUX_TYPES_H 1
| #define HAVE_SYS_UIO_H 1
| #define HAVE_OLD_GLIB 0
| #define NEED_BSD_SOURCE $NEED_BSD_SOURCE
| #define HAVE_NETLINK 0
| #define HAVE_SYS_WAIT_H 1
| /* end confdefs.h.  */
| #include <stdio.h>
| #ifdef HAVE_SYS_TYPES_H
| # include <sys/types.h>
| #endif
| #ifdef HAVE_SYS_STAT_H
| # include <sys/stat.h>
| #endif
| #ifdef STDC_HEADERS
| # include <stdlib.h>
| # include <stddef.h>
| #else
| # ifdef HAVE_STDLIB_H
| #  include <stdlib.h>
| # endif
| #endif
| #ifdef HAVE_STRING_H
| # if !defined STDC_HEADERS && defined HAVE_MEMORY_H
| #  include <memory.h>
| # endif
| # include <string.h>
| #endif
| #ifdef HAVE_STRINGS_H
| # include <strings.h>
| #endif
| #ifdef HAVE_INTTYPES_H
| # include <inttypes.h>
| #endif
| #ifdef HAVE_STDINT_H
| # include <stdint.h>
| #endif
| #ifdef HAVE_UNISTD_H
| # include <unistd.h>
| #endif
| int
| main ()
| {
| if (sizeof ((off_t)))
| 	    return 0;
|   ;
|   return 0;
| }
configure:14736: result: yes
configure:14747: checking for pid_t
configure:14747: result: yes
configure:14883: checking that generated files are newer than configure
configure:14889: result: done
configure:14933: creating ./config.status

## ---------------------- ##
## Running config.status. ##
## ---------------------- ##

This file was extended by nbd config.status 3.20, which was
generated by GNU Autoconf 2.69.  Invocation command line was

  CONFIG_FILES    = 
  CONFIG_HEADERS  = 
  CONFIG_LINKS    = 
  CONFIG_COMMANDS = 
  $ ./config.status 

on YuJu-Ubuntu

config.status:1172: creating Makefile
config.status:1172: creating doc/Doxyfile
config.status:1172: creating doc/Makefile
config.status:1172: creating man/Makefile
config.status:1172: creating gznbd/Makefile
config.status:1172: creating tests/Makefile
config.status:1172: creating tests/code/Makefile
config.status:1172: creating tests/run/Makefile
config.status:1172: creating man/nbd-client.8.sh
config.status:1172: creating man/nbd-server.5.sh
config.status:1172: creating man/nbd-server.1.sh
config.status:1172: creating man/nbd-trdump.1.sh
config.status:1172: creating man/nbdtab.5.sh
config.status:1172: creating systemd/Makefile
config.status:1172: creating systemd/nbd@.service.sh
config.status:1172: creating config.h
config.status:1353: config.h is unchanged
config.status:1413: linking buffer.c to tests/run/buffer.c
config.status:1413: linking crypto-gnutls.c to tests/run/crypto-gnutls.c
config.status:1413: linking cliserv.c to tests/run/cliserv.c
config.status:1432: executing depfiles commands
config.status:1509: cd .       && sed -e '/# am--include-marker/d' Makefile         | make -f - am--depfiles
make: Nothing to be done for 'am--depfiles'.
config.status:1514: $? = 0
config.status:1509: cd gznbd       && sed -e '/# am--include-marker/d' Makefile         | make -f - am--depfiles
make: Nothing to be done for 'am--depfiles'.
config.status:1514: $? = 0
config.status:1509: cd tests/code       && sed -e '/# am--include-marker/d' Makefile         | make -f - am--depfiles
make: Nothing to be done for 'am--depfiles'.
config.status:1514: $? = 0
config.status:1509: cd tests/run       && sed -e '/# am--include-marker/d' Makefile         | make -f - am--depfiles
make: Nothing to be done for 'am--depfiles'.
config.status:1514: $? = 0
config.status:1432: executing libtool commands

## ---------------- ##
## Cache variables. ##
## ---------------- ##

ac_cv_build=x86_64-pc-linux-gnu
ac_cv_c_bigendian=no
ac_cv_c_compiler_gnu=yes
ac_cv_c_const=yes
ac_cv_c_inline=inline
ac_cv_env_CC_set=
ac_cv_env_CC_value=
ac_cv_env_CFLAGS_set=
ac_cv_env_CFLAGS_value=
ac_cv_env_CPPFLAGS_set=
ac_cv_env_CPPFLAGS_value=
ac_cv_env_CPP_set=
ac_cv_env_CPP_value=
ac_cv_env_GLIB_CFLAGS_set=
ac_cv_env_GLIB_CFLAGS_value=
ac_cv_env_GLIB_LIBS_set=
ac_cv_env_GLIB_LIBS_value=
ac_cv_env_GnuTLS_CFLAGS_set=
ac_cv_env_GnuTLS_CFLAGS_value=
ac_cv_env_GnuTLS_LIBS_set=
ac_cv_env_GnuTLS_LIBS_value=
ac_cv_env_LDFLAGS_set=
ac_cv_env_LDFLAGS_value=
ac_cv_env_LIBNL3_CFLAGS_set=
ac_cv_env_LIBNL3_CFLAGS_value=
ac_cv_env_LIBNL3_LIBS_set=
ac_cv_env_LIBNL3_LIBS_value=
ac_cv_env_LIBS_set=
ac_cv_env_LIBS_value=
ac_cv_env_LT_SYS_LIBRARY_PATH_set=
ac_cv_env_LT_SYS_LIBRARY_PATH_value=
ac_cv_env_PKG_CONFIG_LIBDIR_set=
ac_cv_env_PKG_CONFIG_LIBDIR_value=
ac_cv_env_PKG_CONFIG_PATH_set=
ac_cv_env_PKG_CONFIG_PATH_value=
ac_cv_env_PKG_CONFIG_set=
ac_cv_env_PKG_CONFIG_value=
ac_cv_env_build_alias_set=
ac_cv_env_build_alias_value=
ac_cv_env_host_alias_set=
ac_cv_env_host_alias_value=
ac_cv_env_target_alias_set=
ac_cv_env_target_alias_value=
ac_cv_func_alarm=yes
ac_cv_func_fallocate=yes
ac_cv_func_fdatasync=yes
ac_cv_func_fork=yes
ac_cv_func_fork_works=yes
ac_cv_func_gethostbyname=yes
ac_cv_func_inet_ntoa=yes
ac_cv_func_llseek=yes
ac_cv_func_memset=yes
ac_cv_func_mkstemp=yes
ac_cv_func_setvbuf_reversed=no
ac_cv_func_socket=yes
ac_cv_func_splice=yes
ac_cv_func_strerror=yes
ac_cv_func_strstr=yes
ac_cv_func_sync_file_range=yes
ac_cv_func_vfork=yes
ac_cv_func_vfork_works=yes
ac_cv_have_decl_BLKDISCARD=yes
ac_cv_have_decl_FALLOC_FL_PUNCH_HOLE=yes
ac_cv_have_decl_F_SETPIPE_SZ=yes
ac_cv_header_arpa_inet_h=yes
ac_cv_header_dirent_dirent_h=yes
ac_cv_header_dlfcn_h=yes
ac_cv_header_fcntl_h=yes
ac_cv_header_inttypes_h=yes
ac_cv_header_linux_falloc_h=yes
ac_cv_header_linux_types_h=yes
ac_cv_header_memory_h=yes
ac_cv_header_netdb_h=yes
ac_cv_header_netinet_in_h=yes
ac_cv_header_stdc=yes
ac_cv_header_stdint_h=yes
ac_cv_header_stdlib_h=yes
ac_cv_header_string_h=yes
ac_cv_header_strings_h=yes
ac_cv_header_sys_dirent_h=no
ac_cv_header_sys_ioctl_h=yes
ac_cv_header_sys_mount_h=yes
ac_cv_header_sys_socket_h=yes
ac_cv_header_sys_stat_h=yes
ac_cv_header_sys_types_h=yes
ac_cv_header_sys_uio_h=yes
ac_cv_header_sys_wait_h=yes
ac_cv_header_syslog_h=yes
ac_cv_header_unistd_h=yes
ac_cv_header_vfork_h=no
ac_cv_header_winioctl_h=no
ac_cv_host=x86_64-pc-linux-gnu
ac_cv_member_struct_dirent_d_type=yes
ac_cv_objext=o
ac_cv_path_EGREP='/bin/grep -E'
ac_cv_path_FGREP='/bin/grep -F'
ac_cv_path_GREP=/bin/grep
ac_cv_path_SED=/bin/sed
ac_cv_path_ac_pt_PKG_CONFIG=/usr/bin/pkg-config
ac_cv_path_install='/usr/bin/install -c'
ac_cv_path_lt_DD=/bin/dd
ac_cv_path_mkdir=/bin/mkdir
ac_cv_prog_AWK=mawk
ac_cv_prog_CPP='gcc -E'
ac_cv_prog_ac_ct_AR=ar
ac_cv_prog_ac_ct_CC=gcc
ac_cv_prog_ac_ct_MANIFEST_TOOL=mt
ac_cv_prog_ac_ct_OBJDUMP=objdump
ac_cv_prog_ac_ct_RANLIB=ranlib
ac_cv_prog_ac_ct_STRIP=strip
ac_cv_prog_cc_c89=
ac_cv_prog_cc_c99=
ac_cv_prog_cc_g=yes
ac_cv_prog_make_make_set=yes
ac_cv_search_bind='none required'
ac_cv_search_daemon='none required'
ac_cv_search_inet_ntoa='none required'
ac_cv_search_opendir='none required'
ac_cv_sizeof_unsigned_int=4
ac_cv_sizeof_unsigned_long_int=8
ac_cv_sizeof_unsigned_long_long_int=8
ac_cv_sizeof_unsigned_short_int=2
ac_cv_type_off_t=yes
ac_cv_type_pid_t=yes
am_cv_CC_dependencies_compiler_type=gcc3
am_cv_make_support_nested_variables=yes
am_cv_prog_cc_c_o=yes
lt_cv_ar_at_file=@
lt_cv_archive_cmds_need_lc=no
lt_cv_deplibs_check_method=pass_all
lt_cv_file_magic_cmd='$MAGIC_CMD'
lt_cv_file_magic_test_file=
lt_cv_ld_reload_flag=-r
lt_cv_nm_interface='BSD nm'
lt_cv_objdir=.libs
lt_cv_path_LD=/usr/bin/ld
lt_cv_path_NM='/usr/bin/nm -B'
lt_cv_path_mainfest_tool=no
lt_cv_prog_compiler_c_o=yes
lt_cv_prog_compiler_pic='-fPIC -DPIC'
lt_cv_prog_compiler_pic_works=yes
lt_cv_prog_compiler_rtti_exceptions=no
lt_cv_prog_compiler_static_works=yes
lt_cv_prog_gnu_ld=yes
lt_cv_sharedlib_from_linklib_cmd='printf %s\n'
lt_cv_shlibpath_overrides_runpath=yes
lt_cv_sys_global_symbol_pipe='sed -n -e '\''s/^.*[	 ]\([ABCDGIRSTW][ABCDGIRSTW]*\)[	 ][	 ]*\([_A-Za-z][_A-Za-z0-9]*\)$/\1 \2 \2/p'\'' | sed '\''/ __gnu_lto/d'\'''
lt_cv_sys_global_symbol_to_c_name_address='sed -n -e '\''s/^: \(.*\) .*$/  {"\1", (void *) 0},/p'\'' -e '\''s/^[ABCDGIRSTW][ABCDGIRSTW]* .* \(.*\)$/  {"\1", (void *) \&\1},/p'\'''
lt_cv_sys_global_symbol_to_c_name_address_lib_prefix='sed -n -e '\''s/^: \(.*\) .*$/  {"\1", (void *) 0},/p'\'' -e '\''s/^[ABCDGIRSTW][ABCDGIRSTW]* .* \(lib.*\)$/  {"\1", (void *) \&\1},/p'\'' -e '\''s/^[ABCDGIRSTW][ABCDGIRSTW]* .* \(.*\)$/  {"lib\1", (void *) \&\1},/p'\'''
lt_cv_sys_global_symbol_to_cdecl='sed -n -e '\''s/^T .* \(.*\)$/extern int \1();/p'\'' -e '\''s/^[ABCDGIRSTW][ABCDGIRSTW]* .* \(.*\)$/extern char \1;/p'\'''
lt_cv_sys_global_symbol_to_import=
lt_cv_sys_max_cmd_len=1572864
lt_cv_to_host_file_cmd=func_convert_file_noop
lt_cv_to_tool_file_cmd=func_convert_file_noop
lt_cv_truncate_bin='/bin/dd bs=4096 count=1'
pkg_cv_GLIB_CFLAGS='-pthread -I/usr/include/glib-2.0 -I/usr/lib/x86_64-linux-gnu/glib-2.0/include'
pkg_cv_GLIB_LIBS='-lgthread-2.0 -pthread -lglib-2.0'

## ----------------- ##
## Output variables. ##
## ----------------- ##

ACLOCAL='${SHELL} /home/gic4107/nbd-3.20/missing aclocal-1.16'
AMDEPBACKSLASH='\'
AMDEP_FALSE='#'
AMDEP_TRUE=''
AMTAR='$${TAR-tar}'
AM_BACKSLASH='\'
AM_CPPFLAGS=' -DSYSCONFDIR='\''"${prefix}/etc"'\'''
AM_DEFAULT_V='$(AM_DEFAULT_VERBOSITY)'
AM_DEFAULT_VERBOSITY='0'
AM_V='$(V)'
AR='ar'
AUTOCONF='${SHELL} /home/gic4107/nbd-3.20/missing autoconf'
AUTOHEADER='${SHELL} /home/gic4107/nbd-3.20/missing autoheader'
AUTOMAKE='${SHELL} /home/gic4107/nbd-3.20/missing automake-1.16'
AWK='mawk'
CC='gcc'
CCDEPMODE='depmode=gcc3'
CFLAGS='-g -O2'
CLIENT_FALSE='#'
CLIENT_TRUE=''
CPP='gcc -E'
CPPFLAGS=''
CYGPATH_W='echo'
DEFS='-DHAVE_CONFIG_H'
DEPDIR='.deps'
DLLTOOL='false'
DSYMUTIL=''
DUMPBIN=''
ECHO_C=''
ECHO_N='-n'
ECHO_T=''
EGREP='/bin/grep -E'
EXEEXT=''
FGREP='/bin/grep -F'
GLIB_CFLAGS='-pthread -I/usr/include/glib-2.0 -I/usr/lib/x86_64-linux-gnu/glib-2.0/include'
GLIB_LIBS='-lgthread-2.0 -pthread -lglib-2.0'
GNUTLS_FALSE=''
GNUTLS_TRUE='#'
GREP='/bin/grep'
GZNBD_FALSE=''
GZNBD_TRUE='#'
GnuTLS_CFLAGS=''
GnuTLS_LIBS=''
INSTALL_DATA='${INSTALL} -m 644'
INSTALL_PROGRAM='${INSTALL}'
INSTALL_SCRIPT='${INSTALL}'
INSTALL_STRIP_PROGRAM='$(install_sh) -c -s'
LD='/usr/bin/ld -m elf_x86_64'
LDFLAGS=''
LIBNL3_CFLAGS=''
LIBNL3_LIBS=''
LIBOBJS=''
LIBS=''
LIBTOOL='$(SHELL) $(top_builddir)/libtool'
LIPO=''
LN_S='ln -s'
LTLIBOBJS=''
LT_SYS_LIBRARY_PATH=''
MAINT=''
MAINTAINER_MODE_FALSE='#'
MAINTAINER_MODE_TRUE=''
MAKEINFO='${SHELL} /home/gic4107/nbd-3.20/missing makeinfo'
MANIFEST_TOOL=':'
MANPAGES_FALSE='#'
MANPAGES_TRUE=''
MAN_CONFIG_FILES='		man/nbd-client.8.sh 		man/nbd-server.5.sh 		man/nbd-server.1.sh 		man/nbd-trdump.1.sh 		man/nbdtab.5.sh 		'
MKDIR_P='/bin/mkdir -p'
NM='/usr/bin/nm -B'
NMEDIT=''
OBJDUMP='objdump'
OBJEXT='o'
OTOOL64=''
OTOOL=''
PACKAGE='nbd'
PACKAGE_BUGREPORT='nbd@other.debian.org'
PACKAGE_NAME='nbd'
PACKAGE_STRING='nbd 3.20'
PACKAGE_TARNAME='nbd'
PACKAGE_URL='http://nbd.sourceforge.net/'
PACKAGE_VERSION='3.20'
PATH_SEPARATOR=':'
PKG_CONFIG='/usr/bin/pkg-config'
PKG_CONFIG_LIBDIR=''
PKG_CONFIG_PATH=''
RANLIB='ranlib'
RUN_XFAIL=''
SED='/bin/sed'
SET_MAKE=''
SHELL='/bin/bash'
STRIP='strip'
VERSION='3.20'
ac_ct_AR='ar'
ac_ct_CC='gcc'
ac_ct_DUMPBIN=''
am__EXEEXT_FALSE=''
am__EXEEXT_TRUE='#'
am__fastdepCC_FALSE='#'
am__fastdepCC_TRUE=''
am__include='include'
am__isrc=''
am__leading_dot='.'
am__nodep='_no'
am__quote=''
am__tar='$${TAR-tar} chof - "$$tardir"'
am__untar='$${TAR-tar} xf -'
bindir='${exec_prefix}/bin'
build='x86_64-pc-linux-gnu'
build_alias=''
build_cpu='x86_64'
build_os='linux-gnu'
build_vendor='pc'
datadir='${datarootdir}'
datarootdir='${prefix}/share'
docdir='${datarootdir}/doc/${PACKAGE_TARNAME}'
dvidir='${docdir}'
exec_prefix='${prefix}'
host='x86_64-pc-linux-gnu'
host_alias=''
host_cpu='x86_64'
host_os='linux-gnu'
host_vendor='pc'
htmldir='${docdir}'
includedir='${prefix}/include'
infodir='${datarootdir}/info'
install_sh='${SHELL} /home/gic4107/nbd-3.20/install-sh'
libdir='${exec_prefix}/lib'
libexecdir='${exec_prefix}/libexec'
localedir='${datarootdir}/locale'
localstatedir='${prefix}/var'
mandir='${datarootdir}/man'
mkdir_p='$(MKDIR_P)'
oldincludedir='/usr/include'
pdfdir='${docdir}'
prefix='/home/gic4107/nbd-3.20/out'
program_transform_name='s,x,x,'
psdir='${docdir}'
runstatedir='${localstatedir}/run'
sbindir='${exec_prefix}/sbin'
sharedstatedir='${prefix}/com'
sysconfdir='${prefix}/etc'
target_alias=''

## ----------- ##
## confdefs.h. ##
## ----------- ##

/* confdefs.h */
#define PACKAGE_NAME "nbd"
#define PACKAGE_TARNAME "nbd"
#define PACKAGE_VERSION "3.20"
#define PACKAGE_STRING "nbd 3.20"
#define PACKAGE_BUGREPORT "nbd@other.debian.org"
#define PACKAGE_URL "http://nbd.sourceforge.net/"
#define PACKAGE "nbd"
#define VERSION "3.20"
#define STDC_HEADERS 1
#define HAVE_SYS_TYPES_H 1
#define HAVE_SYS_STAT_H 1
#define HAVE_STDLIB_H 1
#define HAVE_STRING_H 1
#define HAVE_MEMORY_H 1
#define HAVE_STRINGS_H 1
#define HAVE_INTTYPES_H 1
#define HAVE_STDINT_H 1
#define HAVE_UNISTD_H 1
#define HAVE_DLFCN_H 1
#define LT_OBJDIR ".libs/"
#define NBD_LFS 1
#define SIZEOF_UNSIGNED_SHORT_INT 2
#define SIZEOF_UNSIGNED_INT 4
#define SIZEOF_UNSIGNED_LONG_INT 8
#define SIZEOF_UNSIGNED_LONG_LONG_INT 8
#define HAVE_DIRENT_H 1
#define HAVE_STRUCT_DIRENT_D_TYPE 1
#define HAVE_LLSEEK 1
#define HAVE_ALARM 1
#define HAVE_GETHOSTBYNAME 1
#define HAVE_INET_NTOA 1
#define HAVE_MEMSET 1
#define HAVE_SOCKET 1
#define HAVE_STRERROR 1
#define HAVE_STRSTR 1
#define HAVE_MKSTEMP 1
#define HAVE_FDATASYNC 1
#define HAVE_LINUX_FALLOC_H 1
#define HAVE_FALLOC_PH 1
#define HAVE_BLKDISCARD 1
#define HAVE_SPLICE 1
#define HAVE_GNUTLS 0
#define HAVE_FSCTL_SET_ZERO_DATA 0
#define HAVE_SYNC_FILE_RANGE sync_file_range(2) is not supported
#define HAVE_FORK 1
#define HAVE_VFORK 1
#define HAVE_WORKING_VFORK 1
#define HAVE_WORKING_FORK 1
#define HAVE_SYS_MOUNT_H 1
#define HAVE_ARPA_INET_H 1
#define HAVE_FCNTL_H 1
#define HAVE_NETDB_H 1
#define HAVE_NETINET_IN_H 1
#define HAVE_SYS_IOCTL_H 1
#define HAVE_SYS_SOCKET_H 1
#define HAVE_SYSLOG_H 1
#define HAVE_LINUX_TYPES_H 1
#define HAVE_SYS_UIO_H 1
#define HAVE_OLD_GLIB 0
#define NEED_BSD_SOURCE $NEED_BSD_SOURCE
#define HAVE_NETLINK 0
#define HAVE_SYS_WAIT_H 1

configure: exit 0
